0 info it worked if it ends with ok
1 verbose cli [ 'node', '/usr/local/bin/npm', 'install', '-g', 'gitbook' ]
2 info using npm@1.4.28
3 info using node@v0.10.35
4 verbose cache add [ 'gitbook', null ]
5 verbose cache add name=undefined spec="gitbook" args=["gitbook",null]
6 verbose parsed url { protocol: null,
6 verbose parsed url   slashes: null,
6 verbose parsed url   auth: null,
6 verbose parsed url   host: null,
6 verbose parsed url   port: null,
6 verbose parsed url   hostname: null,
6 verbose parsed url   hash: null,
6 verbose parsed url   search: null,
6 verbose parsed url   query: null,
6 verbose parsed url   pathname: 'gitbook',
6 verbose parsed url   path: 'gitbook',
6 verbose parsed url   href: 'gitbook' }
7 silly lockFile d91c8311-gitbook gitbook
8 verbose lock gitbook /Users/prateekb/.npm/d91c8311-gitbook.lock
9 silly lockFile d91c8311-gitbook gitbook
10 silly lockFile d91c8311-gitbook gitbook
11 verbose addNamed [ 'gitbook', '' ]
12 verbose addNamed [ null, '*' ]
13 silly lockFile 1bb457e3-gitbook gitbook@
14 verbose lock gitbook@ /Users/prateekb/.npm/1bb457e3-gitbook.lock
15 silly addNameRange { name: 'gitbook', range: '*', hasData: false }
16 verbose request where is /gitbook
17 verbose request registry https://registry.npmjs.org/
18 verbose request id a0e1c166e1ce9851
19 verbose url raw /gitbook
20 verbose url resolving [ 'https://registry.npmjs.org/', './gitbook' ]
21 verbose url resolved https://registry.npmjs.org/gitbook
22 verbose request where is https://registry.npmjs.org/gitbook
23 info trying registry request attempt 1 at 12:13:57
24 verbose etag "97SONWLKBLT8Y200TDJ5RMF4B"
25 http GET https://registry.npmjs.org/gitbook
26 http 304 https://registry.npmjs.org/gitbook
27 silly registry.get cb [ 304,
27 silly registry.get   { date: 'Fri, 13 Feb 2015 06:43:57 GMT',
27 silly registry.get     server: 'Apache',
27 silly registry.get     via: '1.1 varnish',
27 silly registry.get     'last-modified': 'Fri, 13 Feb 2015 06:43:58 GMT',
27 silly registry.get     'cache-control': 'max-age=60',
27 silly registry.get     etag: '"97SONWLKBLT8Y200TDJ5RMF4B"',
27 silly registry.get     age: '0',
27 silly registry.get     'x-served-by': 'cache-sn88-SIN',
27 silly registry.get     'x-cache': 'MISS',
27 silly registry.get     'x-cache-hits': '0',
27 silly registry.get     'x-timer': 'S1423809837.811090,VS0,VE245',
27 silly registry.get     vary: 'Accept',
27 silly registry.get     'content-length': '0',
27 silly registry.get     'keep-alive': 'timeout=10, max=50',
27 silly registry.get     connection: 'Keep-Alive' } ]
28 verbose etag https://registry.npmjs.org/gitbook from cache
29 silly addNameRange number 2 { name: 'gitbook', range: '*', hasData: true }
30 silly addNameRange versions [ 'gitbook',
30 silly addNameRange   [ '0.0.1',
30 silly addNameRange     '0.0.2',
30 silly addNameRange     '0.0.3',
30 silly addNameRange     '0.0.4',
30 silly addNameRange     '0.1.0',
30 silly addNameRange     '0.1.1',
30 silly addNameRange     '0.1.2',
30 silly addNameRange     '0.1.3',
30 silly addNameRange     '0.2.0',
30 silly addNameRange     '0.2.1',
30 silly addNameRange     '0.2.2',
30 silly addNameRange     '0.2.3',
30 silly addNameRange     '0.2.4',
30 silly addNameRange     '0.3.0',
30 silly addNameRange     '0.3.1',
30 silly addNameRange     '0.3.2',
30 silly addNameRange     '0.4.0',
30 silly addNameRange     '0.4.1',
30 silly addNameRange     '0.4.2',
30 silly addNameRange     '0.4.3',
30 silly addNameRange     '0.4.4',
30 silly addNameRange     '0.4.5',
30 silly addNameRange     '0.4.6',
30 silly addNameRange     '0.4.7',
30 silly addNameRange     '0.4.8',
30 silly addNameRange     '0.5.0',
30 silly addNameRange     '0.5.1',
30 silly addNameRange     '0.5.2',
30 silly addNameRange     '0.5.3',
30 silly addNameRange     '0.5.4',
30 silly addNameRange     '0.5.5',
30 silly addNameRange     '0.5.6',
30 silly addNameRange     '0.6.0',
30 silly addNameRange     '0.6.1',
30 silly addNameRange     '0.6.2',
30 silly addNameRange     '0.6.3',
30 silly addNameRange     '0.7.0',
30 silly addNameRange     '0.7.1',
30 silly addNameRange     '1.0.0',
30 silly addNameRange     '1.0.1',
30 silly addNameRange     '1.0.2',
30 silly addNameRange     '1.0.3',
30 silly addNameRange     '1.1.0',
30 silly addNameRange     '1.1.1',
30 silly addNameRange     '1.2.0',
30 silly addNameRange     '1.3.0',
30 silly addNameRange     '1.3.1',
30 silly addNameRange     '1.3.2',
30 silly addNameRange     '1.3.3',
30 silly addNameRange     '1.3.4',
30 silly addNameRange     '1.4.0',
30 silly addNameRange     '1.4.1',
30 silly addNameRange     '1.4.2',
30 silly addNameRange     '1.5.0',
30 silly addNameRange     '2.0.0-alpha.1',
30 silly addNameRange     '2.0.0-alpha.2',
30 silly addNameRange     '2.0.0-alpha.3',
30 silly addNameRange     '2.0.0-alpha.4',
30 silly addNameRange     '2.0.0-alpha.5',
30 silly addNameRange     '2.0.0-alpha.6',
30 silly addNameRange     '2.0.0-alpha.7' ] ]
31 verbose addNamed [ 'gitbook', '1.5.0' ]
32 verbose addNamed [ '1.5.0', '1.5.0' ]
33 silly lockFile 861de4a9-gitbook-1-5-0 gitbook@1.5.0
34 verbose lock gitbook@1.5.0 /Users/prateekb/.npm/861de4a9-gitbook-1-5-0.lock
35 silly lockFile 8e425cf1-js-org-gitbook-gitbook-1-5-0-tgz https://registry.npmjs.org/gitbook/-/gitbook-1.5.0.tgz
36 verbose lock https://registry.npmjs.org/gitbook/-/gitbook-1.5.0.tgz /Users/prateekb/.npm/8e425cf1-js-org-gitbook-gitbook-1-5-0-tgz.lock
37 verbose addRemoteTarball [ 'https://registry.npmjs.org/gitbook/-/gitbook-1.5.0.tgz',
37 verbose addRemoteTarball   'a66ccb73d7ce162a8c9e4bae531e1d54ee964080' ]
38 info retry fetch attempt 1 at 12:13:57
39 verbose fetch to= /var/folders/57/sw0jljrj0ss4w5tm_xfg57yh0000gp/T/npm-55747-pgKrg2Pa/registry.npmjs.org/gitbook/-/gitbook-1.5.0.tgz
40 http GET https://registry.npmjs.org/gitbook/-/gitbook-1.5.0.tgz
41 http 200 https://registry.npmjs.org/gitbook/-/gitbook-1.5.0.tgz
42 silly lockFile 8e425cf1-js-org-gitbook-gitbook-1-5-0-tgz https://registry.npmjs.org/gitbook/-/gitbook-1.5.0.tgz
43 silly lockFile 8e425cf1-js-org-gitbook-gitbook-1-5-0-tgz https://registry.npmjs.org/gitbook/-/gitbook-1.5.0.tgz
44 silly lockFile 861de4a9-gitbook-1-5-0 gitbook@1.5.0
45 silly lockFile 861de4a9-gitbook-1-5-0 gitbook@1.5.0
46 silly lockFile 1bb457e3-gitbook gitbook@
47 silly lockFile 1bb457e3-gitbook gitbook@
48 silly resolved [ { name: 'gitbook',
48 silly resolved     version: '1.5.0',
48 silly resolved     homepage: 'http://www.gitbook.io/',
48 silly resolved     description: 'Library and cmd utility to generate GitBooks',
48 silly resolved     main: 'lib/index.js',
48 silly resolved     dependencies:
48 silly resolved      { q: '1.0.1',
48 silly resolved        lodash: '2.4.1',
48 silly resolved        kramed: '0.4.3',
48 silly resolved        'kramed-text-renderer': '0.2.1',
48 silly resolved        lunr: '0.5.2',
48 silly resolved        swig: '1.3.2',
48 silly resolved        send: '0.2.0',
48 silly resolved        'fstream-ignore': '0.0.7',
48 silly resolved        commander: '2.2.0',
48 silly resolved        'graceful-fs': '3.0.2',
48 silly resolved        'fs-extra': '0.10.0',
48 silly resolved        'highlight.js': '8.3.0',
48 silly resolved        tmp: '0.0.23',
48 silly resolved        semver: '2.2.1',
48 silly resolved        npmi: '0.1.1',
48 silly resolved        gaze: '~0.5.1',
48 silly resolved        resolve: '0.6.3',
48 silly resolved        'tiny-lr-fork': '0.0.5',
48 silly resolved        'gitbook-plugin': '0.0.2',
48 silly resolved        'gitbook-plugin-mathjax': '0.0.6',
48 silly resolved        'gitbook-plugin-livereload': '0.0.1',
48 silly resolved        'gitbook-plugin-exercises': '1.0.0',
48 silly resolved        'gitbook-plugin-quizzes': '1.0.0' },
48 silly resolved     devDependencies:
48 silly resolved      { mocha: '1.18.2',
48 silly resolved        grunt: '~0.4.2',
48 silly resolved        'grunt-cli': '0.1.11',
48 silly resolved        'grunt-contrib-copy': '0.5.0',
48 silly resolved        'grunt-contrib-less': '~0.5.0',
48 silly resolved        'grunt-contrib-requirejs': '0.4.1',
48 silly resolved        'grunt-bower-install-simple': '0.9.2',
48 silly resolved        'grunt-browserify': '3.1.0',
48 silly resolved        'grunt-contrib-uglify': '0.6.0' },
48 silly resolved     scripts: { test: 'export TESTING=true; mocha --reporter list' },
48 silly resolved     bin: { gitbook: './bin/gitbook.js' },
48 silly resolved     repository: { type: 'git', url: 'https://github.com/GitbookIO/gitbook.git' },
48 silly resolved     keywords: [ 'git', 'book', 'gitbook' ],
48 silly resolved     author: { name: 'FriendCode', email: 'contact@friendco.de' },
48 silly resolved     license: 'Apache 2',
48 silly resolved     bugs: { url: 'https://github.com/GitbookIO/gitbook/issues' },
48 silly resolved     contributors: [ [Object], [Object] ],
48 silly resolved     _id: 'gitbook@1.5.0',
48 silly resolved     dist:
48 silly resolved      { shasum: 'a66ccb73d7ce162a8c9e4bae531e1d54ee964080',
48 silly resolved        tarball: 'http://registry.npmjs.org/gitbook/-/gitbook-1.5.0.tgz' },
48 silly resolved     _from: 'gitbook@',
48 silly resolved     _npmVersion: '1.4.6',
48 silly resolved     _npmUser: { name: 'aarono', email: 'aaron.omullan@gmail.com' },
48 silly resolved     maintainers: [ [Object], [Object] ],
48 silly resolved     directories: {},
48 silly resolved     _shasum: 'a66ccb73d7ce162a8c9e4bae531e1d54ee964080',
48 silly resolved     _resolved: 'https://registry.npmjs.org/gitbook/-/gitbook-1.5.0.tgz' } ]
49 info install gitbook@1.5.0 into /usr/local/lib
50 info installOne gitbook@1.5.0
51 verbose lib/node_modules/gitbook unbuild
52 verbose tar unpack /Users/prateekb/.npm/gitbook/1.5.0/package.tgz
53 silly lockFile 4963e258-r-local-lib-node-modules-gitbook tar:///usr/local/lib/node_modules/gitbook
54 verbose lock tar:///usr/local/lib/node_modules/gitbook /Users/prateekb/.npm/4963e258-r-local-lib-node-modules-gitbook.lock
55 silly lockFile e4c8e010-kb-npm-gitbook-1-5-0-package-tgz tar:///Users/prateekb/.npm/gitbook/1.5.0/package.tgz
56 verbose lock tar:///Users/prateekb/.npm/gitbook/1.5.0/package.tgz /Users/prateekb/.npm/e4c8e010-kb-npm-gitbook-1-5-0-package-tgz.lock
57 silly gunzTarPerm modes [ '755', '644' ]
58 error Error: EACCES, mkdir '/usr/local/lib/node_modules/gitbook'
58 error  { [Error: EACCES, mkdir '/usr/local/lib/node_modules/gitbook']
58 error   errno: 3,
58 error   code: 'EACCES',
58 error   path: '/usr/local/lib/node_modules/gitbook',
58 error   fstream_type: 'Directory',
58 error   fstream_path: '/usr/local/lib/node_modules/gitbook',
58 error   fstream_class: 'DirWriter',
58 error   fstream_stack:
58 error    [ '/usr/local/lib/node_modules/npm/node_modules/fstream/lib/dir-writer.js:36:23',
58 error      '/usr/local/lib/node_modules/npm/node_modules/mkdirp/index.js:46:53',
58 error      'Object.oncomplete (fs.js:108:15)' ] }
59 error Please try running this command again as root/Administrator.
60 error System Darwin 13.4.0
61 error command "node" "/usr/local/bin/npm" "install" "-g" "gitbook"
62 error cwd /Users/prateekb/Workspace/gauge/documentation
63 error node -v v0.10.35
64 error npm -v 1.4.28
65 error path /usr/local/lib/node_modules/gitbook
66 error fstream_path /usr/local/lib/node_modules/gitbook
67 error fstream_type Directory
68 error fstream_class DirWriter
69 error code EACCES
70 error errno 3
71 error stack Error: EACCES, mkdir '/usr/local/lib/node_modules/gitbook'
72 error fstream_stack /usr/local/lib/node_modules/npm/node_modules/fstream/lib/dir-writer.js:36:23
72 error fstream_stack /usr/local/lib/node_modules/npm/node_modules/mkdirp/index.js:46:53
72 error fstream_stack Object.oncomplete (fs.js:108:15)
73 verbose exit [ 3, true ]
